[0m12:23:32.018905 [debug] [MainThread]: Sending event: {'category': 'dbt', 'action': 'invocation', 'label': 'start', 'context': [<snowplow_tracker.self_describing_json.SelfDescribingJson object at 0x7fc54c7e3980>, <snowplow_tracker.self_describing_json.SelfDescribingJson object at 0x7fc54c43b920>, <snowplow_tracker.self_describing_json.SelfDescribingJson object at 0x7fc54c43bad0>]}


============================== 12:23:32.022406 | bf6509aa-5139-4c96-9276-41d857e204c7 ==============================
[0m12:23:32.022406 [info ] [MainThread]: Running with dbt=1.11.6
[0m12:23:32.023006 [debug] [MainThread]: running dbt with arguments {'indirect_selection': 'eager', 'introspect': 'True', 'log_cache_events': 'False', 'log_path': 'logs', 'profiles_dir': '/home/artjom/s3_practice/s3_practice_dbt', 'static_parser': 'True', 'invocation_command': 'dbt init', 'no_print': 'None', 'write_json': 'True', 'empty': 'None', 'target_path': 'None', 'send_anonymous_usage_stats': 'True', 'use_colors': 'True', 'warn_error': 'None', 'version_check': 'True', 'printer_width': '80', 'fail_fast': 'False', 'log_format': 'default', 'quiet': 'False', 'partial_parse': 'True', 'cache_selected_only': 'False', 'debug': 'False', 'use_experimental_parser': 'False', 'warn_error_options': 'WarnErrorOptionsV2(error=[], warn=[], silence=[])'}
[0m12:23:32.032881 [error] [MainThread]: Encountered an error:
'NoneType' object is not subscriptable
[0m12:23:32.034383 [error] [MainThread]: Traceback (most recent call last):
  File "/home/artjom/s3_practice/s3_practice_dbt/.venv/lib/python3.12/site-packages/dbt/cli/requires.py", line 182, in wrapper
    result, success = func(*args, **kwargs)
                      ^^^^^^^^^^^^^^^^^^^^^
  File "/home/artjom/s3_practice/s3_practice_dbt/.venv/lib/python3.12/site-packages/dbt/cli/requires.py", line 128, in wrapper
    return func(*args, **kwargs)
           ^^^^^^^^^^^^^^^^^^^^^
  File "/home/artjom/s3_practice/s3_practice_dbt/.venv/lib/python3.12/site-packages/dbt/cli/main.py", line 483, in init
    results = task.run()
              ^^^^^^^^^^
  File "/home/artjom/s3_practice/s3_practice_dbt/.venv/lib/python3.12/site-packages/dbt/task/init.py", line 319, in run
    profile_name = self.get_profile_name_from_current_project()
                   ^^^^^^^^^^^^^^^^^^^^^^^^^^^^^^^^^^^^^^^^^^^^
  File "/home/artjom/s3_practice/s3_practice_dbt/.venv/lib/python3.12/site-packages/dbt/task/init.py", line 140, in get_profile_name_from_current_project
    return dbt_project["profile"]
           ~~~~~~~~~~~^^^^^^^^^^^
TypeError: 'NoneType' object is not subscriptable

[0m12:23:32.047862 [debug] [MainThread]: Resource report: {"command_name": "init", "command_success": false, "command_wall_clock_time": 0.032540057, "process_in_blocks": "40", "process_kernel_time": 0.171523, "process_mem_max_rss": "99108", "process_out_blocks": "16", "process_user_time": 1.591353}
[0m12:23:32.048764 [debug] [MainThread]: Command `dbt init` failed at 12:23:32.048578 after 0.03 seconds
[0m12:23:32.049444 [debug] [MainThread]: Sending event: {'category': 'dbt', 'action': 'invocation', 'label': 'end', 'context': [<snowplow_tracker.self_describing_json.SelfDescribingJson object at 0x7fc54c982270>, <snowplow_tracker.self_describing_json.SelfDescribingJson object at 0x7fc54c43b9b0>, <snowplow_tracker.self_describing_json.SelfDescribingJson object at 0x7fc54c43b9e0>]}
[0m12:23:32.050262 [debug] [MainThread]: Flushing usage events
[0m12:23:33.676207 [debug] [MainThread]: An error was encountered while trying to flush usage events
[0m12:25:30.845049 [debug] [MainThread]: Sending event: {'category': 'dbt', 'action': 'invocation', 'label': 'start', 'context': [<snowplow_tracker.self_describing_json.SelfDescribingJson object at 0x7fb00817e4b0>, <snowplow_tracker.self_describing_json.SelfDescribingJson object at 0x7fb0091e61b0>, <snowplow_tracker.self_describing_json.SelfDescribingJson object at 0x7fb0078f9550>]}


============================== 12:25:30.849115 | 79b0931d-fe6f-43eb-85b6-bb180844c8b6 ==============================
[0m12:25:30.849115 [info ] [MainThread]: Running with dbt=1.11.6
[0m12:25:30.849838 [debug] [MainThread]: running dbt with arguments {'static_parser': 'True', 'warn_error': 'None', 'version_check': 'True', 'no_print': 'None', 'invocation_command': 'dbt init', 'quiet': 'False', 'debug': 'False', 'log_format': 'default', 'log_cache_events': 'False', 'log_path': 'logs', 'partial_parse': 'True', 'write_json': 'True', 'send_anonymous_usage_stats': 'True', 'fail_fast': 'False', 'indirect_selection': 'eager', 'introspect': 'True', 'cache_selected_only': 'False', 'printer_width': '80', 'use_colors': 'True', 'empty': 'None', 'use_experimental_parser': 'False', 'warn_error_options': 'WarnErrorOptionsV2(error=[], warn=[], silence=[])', 'target_path': 'None', 'profiles_dir': '/home/artjom/.dbt'}
[0m12:25:30.859555 [info ] [MainThread]: Creating dbt configuration folder at /home/artjom/.dbt
[0m12:25:50.114273 [debug] [MainThread]: Starter project path: /home/artjom/s3_practice/s3_practice_dbt/.venv/lib/python3.12/site-packages/dbt/include/starter_project
[0m12:25:50.120487 [info ] [MainThread]: 
Your new dbt project "dbt_analytics" was created!

For more information on how to configure the profiles.yml file,
please consult the dbt documentation here:

  https://docs.getdbt.com/docs/configure-your-profile

One more thing:

Need help? Don't hesitate to reach out to us via GitHub issues or on Slack:

  https://community.getdbt.com/

Happy modeling!

[0m12:25:50.121212 [info ] [MainThread]: Setting up your profile.
[0m12:26:31.834754 [debug] [MainThread]: Spark adapter: Setting pyhive.hive logging to ERROR
[0m12:26:31.835405 [debug] [MainThread]: Spark adapter: Setting thrift.transport logging to ERROR
[0m12:26:31.835977 [debug] [MainThread]: Spark adapter: Setting thrift.protocol logging to ERROR
[0m12:40:51.150099 [info ] [MainThread]: Profile dbt_analytics written to /home/artjom/.dbt/profiles.yml using target's profile_template.yml and your supplied values. Run 'dbt debug' to validate the connection.
[0m12:40:51.155710 [debug] [MainThread]: Resource report: {"command_name": "init", "command_success": true, "command_wall_clock_time": 966.6217, "process_in_blocks": "880", "process_kernel_time": 0.405135, "process_mem_max_rss": "240932", "process_out_blocks": "104", "process_user_time": 4.733163}
[0m12:40:51.157325 [debug] [MainThread]: Command `dbt init` succeeded at 12:40:51.157173 after 966.62 seconds
[0m12:40:51.158108 [debug] [MainThread]: Sending event: {'category': 'dbt', 'action': 'invocation', 'label': 'end', 'context': [<snowplow_tracker.self_describing_json.SelfDescribingJson object at 0x7fb00799d070>, <snowplow_tracker.self_describing_json.SelfDescribingJson object at 0x7fafcbe62780>, <snowplow_tracker.self_describing_json.SelfDescribingJson object at 0x7fafcbd0a450>]}
[0m12:40:51.158842 [debug] [MainThread]: Flushing usage events
[0m12:40:51.894244 [debug] [MainThread]: An error was encountered while trying to flush usage events
[0m12:43:40.841426 [debug] [MainThread]: Sending event: {'category': 'dbt', 'action': 'invocation', 'label': 'start', 'context': [<snowplow_tracker.self_describing_json.SelfDescribingJson object at 0x7f39cfb42120>, <snowplow_tracker.self_describing_json.SelfDescribingJson object at 0x7f39d0301d90>, <snowplow_tracker.self_describing_json.SelfDescribingJson object at 0x7f39d0786f60>]}


============================== 12:43:40.847674 | 7ce5a103-c0ee-4a34-ac30-2069dc7839de ==============================
[0m12:43:40.847674 [info ] [MainThread]: Running with dbt=1.11.6
[0m12:43:40.848304 [debug] [MainThread]: running dbt with arguments {'fail_fast': 'False', 'introspect': 'True', 'version_check': 'True', 'quiet': 'False', 'use_experimental_parser': 'False', 'static_parser': 'True', 'warn_error': 'None', 'target_path': 'None', 'log_cache_events': 'False', 'no_print': 'None', 'empty': 'None', 'log_path': 'logs', 'debug': 'False', 'log_format': 'default', 'warn_error_options': 'WarnErrorOptionsV2(error=[], warn=[], silence=[])', 'cache_selected_only': 'False', 'indirect_selection': 'eager', 'partial_parse': 'True', 'invocation_command': 'dbt debug', 'send_anonymous_usage_stats': 'True', 'profiles_dir': '/home/artjom/.dbt', 'use_colors': 'True', 'printer_width': '80', 'write_json': 'True'}
[0m12:43:40.873894 [info ] [MainThread]: dbt version: 1.11.6
[0m12:43:40.875551 [info ] [MainThread]: python version: 3.12.3
[0m12:43:40.877552 [info ] [MainThread]: python path: /home/artjom/s3_practice/s3_practice_dbt/.venv/bin/python3
[0m12:43:40.878108 [info ] [MainThread]: os info: Linux-5.15.167.4-microsoft-standard-WSL2-x86_64-with-glibc2.39
[0m12:43:40.878513 [info ] [MainThread]: Using profiles dir at /home/artjom/.dbt
[0m12:43:40.878907 [info ] [MainThread]: Using profiles.yml file at /home/artjom/.dbt/profiles.yml
[0m12:43:40.879268 [info ] [MainThread]: Using dbt_project.yml file at /home/artjom/s3_practice/s3_practice_dbt/dbt_project.yml
[0m12:43:40.879657 [info ] [MainThread]: Configuration:
[0m12:43:40.880280 [info ] [MainThread]:   profiles.yml file [[31mERROR not found[0m]
[0m12:43:40.880686 [info ] [MainThread]:   dbt_project.yml file [[31mERROR not found[0m]
[0m12:43:40.881305 [info ] [MainThread]: Required dependencies:
[0m12:43:40.882510 [debug] [MainThread]: Executing "git --help"
[0m12:43:40.887624 [debug] [MainThread]: STDOUT: "b"usage: git [-v | --version] [-h | --help] [-C <path>] [-c <name>=<value>]\n           [--exec-path[=<path>]] [--html-path] [--man-path] [--info-path]\n           [-p | --paginate | -P | --no-pager] [--no-replace-objects] [--bare]\n           [--git-dir=<path>] [--work-tree=<path>] [--namespace=<name>]\n           [--config-env=<name>=<envvar>] <command> [<args>]\n\nThese are common Git commands used in various situations:\n\nstart a working area (see also: git help tutorial)\n   clone     Clone a repository into a new directory\n   init      Create an empty Git repository or reinitialize an existing one\n\nwork on the current change (see also: git help everyday)\n   add       Add file contents to the index\n   mv        Move or rename a file, a directory, or a symlink\n   restore   Restore working tree files\n   rm        Remove files from the working tree and from the index\n\nexamine the history and state (see also: git help revisions)\n   bisect    Use binary search to find the commit that introduced a bug\n   diff      Show changes between commits, commit and working tree, etc\n   grep      Print lines matching a pattern\n   log       Show commit logs\n   show      Show various types of objects\n   status    Show the working tree status\n\ngrow, mark and tweak your common history\n   branch    List, create, or delete branches\n   commit    Record changes to the repository\n   merge     Join two or more development histories together\n   rebase    Reapply commits on top of another base tip\n   reset     Reset current HEAD to the specified state\n   switch    Switch branches\n   tag       Create, list, delete or verify a tag object signed with GPG\n\ncollaborate (see also: git help workflows)\n   fetch     Download objects and refs from another repository\n   pull      Fetch from and integrate with another repository or a local branch\n   push      Update remote refs along with associated objects\n\n'git help -a' and 'git help -g' list available subcommands and some\nconcept guides. See 'git help <command>' or 'git help <concept>'\nto read about a specific subcommand or concept.\nSee 'git help git' for an overview of the system.\n""
[0m12:43:40.888458 [debug] [MainThread]: STDERR: "b''"
[0m12:43:40.889055 [info ] [MainThread]:  - git [[32mOK found[0m]

[0m12:43:40.890307 [info ] [MainThread]: Connection test skipped since no profile was found
[0m12:43:40.891011 [info ] [MainThread]: [31m2 checks failed:[0m
[0m12:43:40.891605 [info ] [MainThread]: dbt looked for a profiles.yml file in /home/artjom/.dbt/profiles.yml, but did
not find one. For more information on configuring your profile, consult the
documentation:

https://docs.getdbt.com/docs/configure-your-profile


[0m12:43:40.892140 [info ] [MainThread]: Project loading failed for the following reason:
 project path </home/artjom/s3_practice/s3_practice_dbt/dbt_project.yml> not found

[0m12:43:40.893302 [debug] [MainThread]: Resource report: {"command_name": "debug", "command_success": false, "command_wall_clock_time": 0.11695478, "process_in_blocks": "54312", "process_kernel_time": 0.233659, "process_mem_max_rss": "99708", "process_out_blocks": "24", "process_user_time": 1.801124}
[0m12:43:40.893912 [debug] [MainThread]: Command `dbt debug` failed at 12:43:40.893752 after 0.12 seconds
[0m12:43:40.894347 [debug] [MainThread]: Sending event: {'category': 'dbt', 'action': 'invocation', 'label': 'end', 'context': [<snowplow_tracker.self_describing_json.SelfDescribingJson object at 0x7f39d0301d90>, <snowplow_tracker.self_describing_json.SelfDescribingJson object at 0x7f39cff2b7d0>, <snowplow_tracker.self_describing_json.SelfDescribingJson object at 0x7f39d05a7830>]}
[0m12:43:40.894834 [debug] [MainThread]: Flushing usage events
[0m12:43:42.300044 [debug] [MainThread]: An error was encountered while trying to flush usage events
[0m14:09:30.498305 [debug] [MainThread]: Sending event: {'category': 'dbt', 'action': 'invocation', 'label': 'start', 'context': [<snowplow_tracker.self_describing_json.SelfDescribingJson object at 0x7fcacdd0f710>, <snowplow_tracker.self_describing_json.SelfDescribingJson object at 0x7fcacca248f0>, <snowplow_tracker.self_describing_json.SelfDescribingJson object at 0x7fcacc4160f0>]}


============================== 14:09:30.520864 | d6a09ed6-a55c-4445-b809-1a24d87eaea9 ==============================
[0m14:09:30.520864 [info ] [MainThread]: Running with dbt=1.11.6
[0m14:09:30.522070 [debug] [MainThread]: running dbt with arguments {'profiles_dir': '/home/artjom/.dbt', 'fail_fast': 'False', 'indirect_selection': 'eager', 'warn_error_options': 'WarnErrorOptionsV2(error=[], warn=[], silence=[])', 'cache_selected_only': 'False', 'use_experimental_parser': 'False', 'send_anonymous_usage_stats': 'True', 'empty': 'None', 'quiet': 'False', 'invocation_command': 'dbt debug', 'no_print': 'None', 'log_cache_events': 'False', 'partial_parse': 'True', 'version_check': 'True', 'static_parser': 'True', 'target_path': 'None', 'use_colors': 'True', 'write_json': 'True', 'printer_width': '80', 'log_path': 'logs', 'introspect': 'True', 'log_format': 'default', 'warn_error': 'None', 'debug': 'False'}
[0m14:09:30.555735 [info ] [MainThread]: dbt version: 1.11.6
[0m14:09:30.556840 [info ] [MainThread]: python version: 3.12.3
[0m14:09:30.557844 [info ] [MainThread]: python path: /home/artjom/s3_practice/s3_practice_dbt/.venv/bin/python3
[0m14:09:30.558727 [info ] [MainThread]: os info: Linux-5.15.167.4-microsoft-standard-WSL2-x86_64-with-glibc2.39
[0m14:09:30.559595 [info ] [MainThread]: Using profiles dir at /home/artjom/.dbt
[0m14:09:30.560380 [info ] [MainThread]: Using profiles.yml file at /home/artjom/.dbt/profiles.yml
[0m14:09:30.561080 [info ] [MainThread]: Using dbt_project.yml file at /home/artjom/s3_practice/s3_practice_dbt/dbt_project.yml
[0m14:09:30.561867 [info ] [MainThread]: Configuration:
[0m14:09:30.562663 [info ] [MainThread]:   profiles.yml file [[31mERROR not found[0m]
[0m14:09:30.563384 [info ] [MainThread]:   dbt_project.yml file [[31mERROR not found[0m]
[0m14:09:30.564333 [info ] [MainThread]: Required dependencies:
[0m14:09:30.565135 [debug] [MainThread]: Executing "git --help"
[0m14:09:30.571137 [debug] [MainThread]: STDOUT: "b"usage: git [-v | --version] [-h | --help] [-C <path>] [-c <name>=<value>]\n           [--exec-path[=<path>]] [--html-path] [--man-path] [--info-path]\n           [-p | --paginate | -P | --no-pager] [--no-replace-objects] [--bare]\n           [--git-dir=<path>] [--work-tree=<path>] [--namespace=<name>]\n           [--config-env=<name>=<envvar>] <command> [<args>]\n\nThese are common Git commands used in various situations:\n\nstart a working area (see also: git help tutorial)\n   clone     Clone a repository into a new directory\n   init      Create an empty Git repository or reinitialize an existing one\n\nwork on the current change (see also: git help everyday)\n   add       Add file contents to the index\n   mv        Move or rename a file, a directory, or a symlink\n   restore   Restore working tree files\n   rm        Remove files from the working tree and from the index\n\nexamine the history and state (see also: git help revisions)\n   bisect    Use binary search to find the commit that introduced a bug\n   diff      Show changes between commits, commit and working tree, etc\n   grep      Print lines matching a pattern\n   log       Show commit logs\n   show      Show various types of objects\n   status    Show the working tree status\n\ngrow, mark and tweak your common history\n   branch    List, create, or delete branches\n   commit    Record changes to the repository\n   merge     Join two or more development histories together\n   rebase    Reapply commits on top of another base tip\n   reset     Reset current HEAD to the specified state\n   switch    Switch branches\n   tag       Create, list, delete or verify a tag object signed with GPG\n\ncollaborate (see also: git help workflows)\n   fetch     Download objects and refs from another repository\n   pull      Fetch from and integrate with another repository or a local branch\n   push      Update remote refs along with associated objects\n\n'git help -a' and 'git help -g' list available subcommands and some\nconcept guides. See 'git help <command>' or 'git help <concept>'\nto read about a specific subcommand or concept.\nSee 'git help git' for an overview of the system.\n""
[0m14:09:30.572015 [debug] [MainThread]: STDERR: "b''"
[0m14:09:30.572783 [info ] [MainThread]:  - git [[32mOK found[0m]

[0m14:09:30.574074 [info ] [MainThread]: Connection test skipped since no profile was found
[0m14:09:30.575045 [info ] [MainThread]: [31m2 checks failed:[0m
[0m14:09:30.575866 [info ] [MainThread]: dbt looked for a profiles.yml file in /home/artjom/.dbt/profiles.yml, but did
not find one. For more information on configuring your profile, consult the
documentation:

https://docs.getdbt.com/docs/configure-your-profile


[0m14:09:30.576651 [info ] [MainThread]: Project loading failed for the following reason:
 project path </home/artjom/s3_practice/s3_practice_dbt/dbt_project.yml> not found

[0m14:09:30.580001 [debug] [MainThread]: Resource report: {"command_name": "debug", "command_success": false, "command_wall_clock_time": 0.17157958, "process_in_blocks": "1448", "process_kernel_time": 0.331316, "process_mem_max_rss": "99736", "process_out_blocks": "16", "process_user_time": 2.742843}
[0m14:09:30.580755 [debug] [MainThread]: Command `dbt debug` failed at 14:09:30.580603 after 0.17 seconds
[0m14:09:30.581404 [debug] [MainThread]: Sending event: {'category': 'dbt', 'action': 'invocation', 'label': 'end', 'context': [<snowplow_tracker.self_describing_json.SelfDescribingJson object at 0x7fcaccd8d2b0>, <snowplow_tracker.self_describing_json.SelfDescribingJson object at 0x7fcace5d0440>, <snowplow_tracker.self_describing_json.SelfDescribingJson object at 0x7fcace5d03e0>]}
[0m14:09:30.582378 [debug] [MainThread]: Flushing usage events
[0m14:09:31.541246 [debug] [MainThread]: An error was encountered while trying to flush usage events
[0m14:17:22.207547 [debug] [MainThread]: Sending event: {'category': 'dbt', 'action': 'invocation', 'label': 'start', 'context': [<snowplow_tracker.self_describing_json.SelfDescribingJson object at 0x7ff42223fad0>, <snowplow_tracker.self_describing_json.SelfDescribingJson object at 0x7ff421cc39b0>, <snowplow_tracker.self_describing_json.SelfDescribingJson object at 0x7ff423f7aae0>]}


============================== 14:17:22.212611 | 66ac9350-b3cc-4a20-8ac0-52d9b8b80f3b ==============================
[0m14:17:22.212611 [info ] [MainThread]: Running with dbt=1.11.6
[0m14:17:22.213543 [debug] [MainThread]: running dbt with arguments {'write_json': 'True', 'no_print': 'None', 'invocation_command': 'dbt list', 'use_colors': 'True', 'warn_error': 'None', 'log_path': 'logs', 'partial_parse': 'True', 'log_cache_events': 'False', 'send_anonymous_usage_stats': 'True', 'use_experimental_parser': 'False', 'static_parser': 'True', 'quiet': 'False', 'profiles_dir': '/home/artjom/.dbt', 'introspect': 'True', 'printer_width': '80', 'indirect_selection': 'eager', 'debug': 'False', 'empty': 'None', 'log_format': 'default', 'fail_fast': 'False', 'warn_error_options': 'WarnErrorOptionsV2(error=[], warn=[], silence=[])', 'cache_selected_only': 'False', 'version_check': 'True', 'target_path': 'None'}
[0m14:17:22.214470 [error] [MainThread]: Encountered an error:
Runtime Error
  No dbt_project.yml found at expected path /home/artjom/s3_practice/s3_practice_dbt/dbt_project.yml
  Verify that each entry within packages.yml (and their transitive dependencies) contains a file named dbt_project.yml
  
[0m14:17:22.215909 [debug] [MainThread]: Resource report: {"command_name": "list", "command_success": false, "command_wall_clock_time": 0.10325473, "process_in_blocks": "0", "process_kernel_time": 0.338986, "process_mem_max_rss": "99612", "process_out_blocks": "16", "process_user_time": 2.335237}
[0m14:17:22.216573 [debug] [MainThread]: Command `dbt list` failed at 14:17:22.216419 after 0.10 seconds
[0m14:17:22.217089 [debug] [MainThread]: Sending event: {'category': 'dbt', 'action': 'invocation', 'label': 'end', 'context': [<snowplow_tracker.self_describing_json.SelfDescribingJson object at 0x7ff4214d3ef0>, <snowplow_tracker.self_describing_json.SelfDescribingJson object at 0x7ff4213b74d0>, <snowplow_tracker.self_describing_json.SelfDescribingJson object at 0x7ff421b6dd30>]}
[0m14:17:22.217629 [debug] [MainThread]: Flushing usage events
[0m14:17:22.959993 [debug] [MainThread]: An error was encountered while trying to flush usage events
[0m18:14:15.343318 [debug] [MainThread]: Sending event: {'category': 'dbt', 'action': 'invocation', 'label': 'start', 'context': [<snowplow_tracker.self_describing_json.SelfDescribingJson object at 0x7fc2d26247a0>, <snowplow_tracker.self_describing_json.SelfDescribingJson object at 0x7fc2d2300d70>, <snowplow_tracker.self_describing_json.SelfDescribingJson object at 0x7fc2d1c2f080>]}


============================== 18:14:15.350278 | 41996d08-1c89-4495-80d9-3dccc03ec16c ==============================
[0m18:14:15.350278 [info ] [MainThread]: Running with dbt=1.11.6
[0m18:14:15.350990 [debug] [MainThread]: running dbt with arguments {'log_format': 'default', 'printer_width': '80', 'write_json': 'True', 'quiet': 'False', 'send_anonymous_usage_stats': 'True', 'debug': 'False', 'log_cache_events': 'False', 'empty': 'False', 'use_experimental_parser': 'False', 'introspect': 'True', 'use_colors': 'True', 'warn_error': 'None', 'partial_parse': 'True', 'warn_error_options': 'WarnErrorOptionsV2(error=[], warn=[], silence=[])', 'cache_selected_only': 'False', 'fail_fast': 'False', 'static_parser': 'True', 'version_check': 'True', 'profiles_dir': '/home/artjom/.dbt', 'indirect_selection': 'eager', 'invocation_command': 'dbt run --select stg_microservices_logs', 'log_path': 'logs', 'target_path': 'None', 'no_print': 'None'}
[0m18:14:15.351474 [error] [MainThread]: Encountered an error:
Runtime Error
  No dbt_project.yml found at expected path /home/artjom/s3_practice/s3_practice_dbt/dbt_project.yml
  Verify that each entry within packages.yml (and their transitive dependencies) contains a file named dbt_project.yml
  
[0m18:14:15.353615 [debug] [MainThread]: Resource report: {"command_name": "run", "command_success": false, "command_wall_clock_time": 0.07903599, "process_in_blocks": "63192", "process_kernel_time": 0.43443, "process_mem_max_rss": "99112", "process_out_blocks": "8", "process_user_time": 2.547345}
[0m18:14:15.354161 [debug] [MainThread]: Command `dbt run` failed at 18:14:15.354057 after 0.08 seconds
[0m18:14:15.354527 [debug] [MainThread]: Sending event: {'category': 'dbt', 'action': 'invocation', 'label': 'end', 'context': [<snowplow_tracker.self_describing_json.SelfDescribingJson object at 0x7fc2d3b234a0>, <snowplow_tracker.self_describing_json.SelfDescribingJson object at 0x7fc2d1c2f080>, <snowplow_tracker.self_describing_json.SelfDescribingJson object at 0x7fc2d1e927b0>]}
[0m18:14:15.354900 [debug] [MainThread]: Flushing usage events
[0m18:14:16.806531 [debug] [MainThread]: An error was encountered while trying to flush usage events
[0m20:00:51.941760 [debug] [MainThread]: Sending event: {'category': 'dbt', 'action': 'invocation', 'label': 'start', 'context': [<snowplow_tracker.self_describing_json.SelfDescribingJson object at 0x7fb1f2d35f40>, <snowplow_tracker.self_describing_json.SelfDescribingJson object at 0x7fb1f39ac590>, <snowplow_tracker.self_describing_json.SelfDescribingJson object at 0x7fb1f56ce3c0>]}


============================== 20:00:51.950315 | 7880fefa-cba7-4f82-bcd1-782447db8e75 ==============================
[0m20:00:51.950315 [info ] [MainThread]: Running with dbt=1.11.6
[0m20:00:51.951977 [debug] [MainThread]: running dbt with arguments {'debug': 'False', 'write_json': 'True', 'invocation_command': 'dbt seed', 'use_colors': 'True', 'printer_width': '80', 'target_path': 'None', 'log_cache_events': 'False', 'static_parser': 'True', 'version_check': 'True', 'introspect': 'True', 'use_experimental_parser': 'False', 'fail_fast': 'False', 'empty': 'None', 'log_format': 'default', 'cache_selected_only': 'False', 'profiles_dir': '/home/artjom/.dbt', 'partial_parse': 'True', 'quiet': 'False', 'warn_error': 'None', 'no_print': 'None', 'indirect_selection': 'eager', 'log_path': 'logs', 'send_anonymous_usage_stats': 'True', 'warn_error_options': 'WarnErrorOptionsV2(error=[], warn=[], silence=[])'}
[0m20:00:51.952640 [error] [MainThread]: Encountered an error:
Runtime Error
  No dbt_project.yml found at expected path /home/artjom/s3_practice/s3_practice_dbt/dbt_project.yml
  Verify that each entry within packages.yml (and their transitive dependencies) contains a file named dbt_project.yml
  
[0m20:00:51.954541 [debug] [MainThread]: Resource report: {"command_name": "seed", "command_success": false, "command_wall_clock_time": 0.09503753, "process_in_blocks": "20408", "process_kernel_time": 0.467405, "process_mem_max_rss": "99172", "process_out_blocks": "8", "process_user_time": 3.49123}
[0m20:00:51.955169 [debug] [MainThread]: Command `dbt seed` failed at 20:00:51.955050 after 0.10 seconds
[0m20:00:51.955615 [debug] [MainThread]: Sending event: {'category': 'dbt', 'action': 'invocation', 'label': 'end', 'context': [<snowplow_tracker.self_describing_json.SelfDescribingJson object at 0x7fb1f3740a40>, <snowplow_tracker.self_describing_json.SelfDescribingJson object at 0x7fb1f2f92c00>, <snowplow_tracker.self_describing_json.SelfDescribingJson object at 0x7fb1f33e5130>]}
[0m20:00:51.956084 [debug] [MainThread]: Flushing usage events
[0m20:00:53.363351 [debug] [MainThread]: An error was encountered while trying to flush usage events
